2017/08/19 19:25:00	This log contains information about the import schema operation into project 'Database' on computer 'PCUSER' by user 'Terumi'.
2017/08/19 19:25:00	Import of database schema has started.
2017/08/19 19:25:06	Gathering database credentials
2017/08/19 19:25:06	Gathering database options
2017/08/19 19:25:06	Gathering users
2017/08/19 19:25:06	Gathering roles
2017/08/19 19:25:06	Gathering application roles
2017/08/19 19:25:06	Gathering role memberships
2017/08/19 19:25:06	Gathering filegroups
2017/08/19 19:25:06	Gathering full-text catalogs
2017/08/19 19:25:06	Gathering assemblies
2017/08/19 19:25:06	Gathering certificates
2017/08/19 19:25:06	Gathering asymmetric keys
2017/08/19 19:25:06	Gathering symmetric keys
2017/08/19 19:25:06	Gathering encrypted symmetric keys
2017/08/19 19:25:06	Gathering schemas
2017/08/19 19:25:06	Gathering XML schema collections
2017/08/19 19:25:06	Gathering user-defined data types
2017/08/19 19:25:07	Gathering user-defined types
2017/08/19 19:25:07	Gathering table types
2017/08/19 19:25:07	Gathering unique keys for table types
2017/08/19 19:25:07	Gathering primary keys for table types
2017/08/19 19:25:07	Gathering indexes for table types
2017/08/19 19:25:07	Gathering check constraints for table types
2017/08/19 19:25:07	Gathering default constraints for table types
2017/08/19 19:25:07	Gathering partition functions
2017/08/19 19:25:07	Gathering partition schemes
2017/08/19 19:25:07	Gathering functions
2017/08/19 19:25:07	Gathering encrypted functions
2017/08/19 19:25:07	Gathering aggregates
2017/08/19 19:25:07	Gathering procedures
2017/08/19 19:25:07	Gathering encrypted procedures
2017/08/19 19:25:07	Gathering tables
2017/08/19 19:25:07	Gathering primary keys
2017/08/19 19:25:07	Gathering unique constraints
2017/08/19 19:25:07	Gathering foreign keys
2017/08/19 19:25:07	Gathering default constraints
2017/08/19 19:25:07	Gathering check constraints
2017/08/19 19:25:07	Gathering views
2017/08/19 19:25:07	Gathering encrypted views
2017/08/19 19:25:07	Gathering indexes
2017/08/19 19:25:07	Gathering statistics
2017/08/19 19:25:07	Gathering full-text index stoplists
2017/08/19 19:25:07	Gathering search property lists
2017/08/19 19:25:07	Gathering search properties
2017/08/19 19:25:07	Gathering full-text indexes
2017/08/19 19:25:07	Gathering column store indexes
2017/08/19 19:25:07	Gathering spatial indexes
2017/08/19 19:25:07	Gathering XML indexes
2017/08/19 19:25:07	Gathering Selective XML indexes
2017/08/19 19:25:07	Gathering encrypted triggers
2017/08/19 19:25:07	Gathering triggers
2017/08/19 19:25:07	Gathering encrypted and clr ddl triggers
2017/08/19 19:25:08	Gathering ddl triggers
2017/08/19 19:25:08	Gathering synonyms
2017/08/19 19:25:08	Gathering defaults
2017/08/19 19:25:08	Gathering data constraint uddt bindings
2017/08/19 19:25:08	Gathering rules
2017/08/19 19:25:08	Gathering data constraint uddt bindings
2017/08/19 19:25:08	Gathering message types
2017/08/19 19:25:08	Gathering queues
2017/08/19 19:25:08	Gathering contracts
2017/08/19 19:25:08	Gathering services
2017/08/19 19:25:08	Gathering event notifications
2017/08/19 19:25:08	Gathering remote service bindings
2017/08/19 19:25:08	Gathering broker priorities
2017/08/19 19:25:08	Gathering signatures
2017/08/19 19:25:08	Gathering data compression options
2017/08/19 19:25:08	Gathering sequence types
2017/08/19 19:25:08	Gathering security policies
2017/08/19 19:25:08	Gather column encryption keys
2017/08/19 19:25:08	Gathering column master keys
2017/08/19 19:25:08	Gathering external data sources
2017/08/19 19:25:08	Gathering external file formats
2017/08/19 19:25:08	Gathering external tables
2017/08/19 19:25:08	Gathering extended properties
2017/08/19 19:25:08	Gathering credentials
2017/08/19 19:25:08	Gathering logins
2017/08/19 19:25:08	Gathering server audits
2017/08/19 19:25:09	Scanning project for duplicate elements
2017/08/19 19:25:10	Finished duplicate element processing
2017/08/19 19:25:10	Finished importing database.
2017/08/19 19:25:10	A summary of the import was saved to the following location: C:\Users\PC User\documents\visual studio 2017\Projects\StudyManager\Database\Import Schema Logs\Database_20170819112500.log
2017/08/19 19:25:10	Click Finish to continue...
